
Wed 13 Mar 2024 08:48:07 PM UTC: 
 exercises.c | 14 ++++++++++++--
 1 file changed, 12 insertions(+), 2 deletions(-)
 tests:  0|6
total_score: 10/70
77b0551
Wed 13 Mar 2024 08:53:39 PM UTC: 
 exercises.c | 11 ++++++++++-
 1 file changed, 10 insertions(+), 1 deletion(-)
 tests:  0|6
total_score: 10/70
cbfdfa9
Wed 13 Mar 2024 08:59:52 PM UTC: 
 exercises.c | 9 +++++++++
 1 file changed, 9 insertions(+)
In file included from test.c:1:
exercises.c:47:1: error: expected identifier or ‘(’ before ‘{’ token
   47 | {
      | ^
Compilation failed
93fdd8e
Wed 13 Mar 2024 09:03:50 PM UTC: 
 exercises.c | 7 ++++---
 1 file changed, 4 insertions(+), 3 deletions(-)
In file included from test.c:1:
exercises.c: In function ‘filterEvenNumbers’:
exercises.c:48:3: error: this ‘for’ clause does not guard... [-Werror=misleading-indentation]
   48 |   for (int i = 0; i < size; i++);
      |   ^~~
exercises.c:49:3: note: ...this statement, but the latter is misleadingly indented as if it were guarded by the ‘for’
   49 |   {
      |   ^
exercises.c:50:13: error: ‘i’ undeclared (first use in this function)
   50 |     if (arr[i] % 2 == 0)
      |             ^
exercises.c:50:13: note: each undeclared identifier is reported only once for each function it appears in
cc1: all warnings being treated as errors
Compilation failed
845dcb1
Wed 13 Mar 2024 09:04:06 PM UTC: 
 exercises.c | 2 +-
 1 file changed, 1 insertion(+), 1 deletion(-)
 tests:  0|6
total_score: 10/70
4277b83
Wed 13 Mar 2024 09:12:42 PM UTC: 
 exercises.c | 9 ++++-----
 1 file changed, 4 insertions(+), 5 deletions(-)
Wed 13 Mar 2024 09:14:02 PM UTC: 
 exercises.c | 9 ++++-----
 1 file changed, 4 insertions(+), 5 deletions(-)
Wed 13 Mar 2024 09:16:27 PM UTC: 
 exercises.c | 9 ++++-----
 1 file changed, 4 insertions(+), 5 deletions(-)
 tests:  0|6
total_score: 10/70
8b1932d
Thu 14 Mar 2024 02:01:37 AM UTC: 
 exercises.c | 9 +++++----
 1 file changed, 5 insertions(+), 4 deletions(-)
 tests:  0|6
total_score: 10/70
6207f15
Thu 14 Mar 2024 02:03:54 AM UTC: 
 exercises.c | 2 +-
 1 file changed, 1 insertion(+), 1 deletion(-)
 tests:  0|6
total_score: 10/70
5db4e0f
Thu 14 Mar 2024 02:13:48 AM UTC: 
 exercises.c | 3 ++-
 1 file changed, 2 insertions(+), 1 deletion(-)
In file included from test.c:1:
exercises.c: In function ‘filterEvenNumbers’:
exercises.c:53:17: error: array subscript is not an integer
   53 |       return arr[newSize] = arr[i];
      |                 ^
Compilation failed
704afe7
Thu 14 Mar 2024 02:14:04 AM UTC: 
 exercises.c | 2 +-
 1 file changed, 1 insertion(+), 1 deletion(-)
In file included from test.c:1:
exercises.c: In function ‘filterEvenNumbers’:
exercises.c:53:28: error: returning ‘int’ from a function with return type ‘int *’ makes pointer from integer without a cast [-Werror=int-conversion]
   53 |       return arr[*newSize] = arr[i];
      |              ~~~~~~~~~~~~~~^~~~~~~~
cc1: all warnings being treated as errors
Compilation failed
bd7b2d9
Thu 14 Mar 2024 02:14:33 AM UTC: 
 exercises.c | 2 +-
 1 file changed, 1 insertion(+), 1 deletion(-)
In file included from test.c:1:
exercises.c: In function ‘filterEvenNumbers’:
exercises.c:53:18: error: array subscript is not an integer
   53 |       return *arr[newSize] = arr[i];
      |                  ^
Compilation failed
7bd5c9b
Thu 14 Mar 2024 02:14:52 AM UTC: 
 exercises.c | 2 --
 1 file changed, 2 deletions(-)
test.c: In function ‘filterEvenNumbers’:
test.c:382:5: error: ‘main’ is normally a non-static function [-Werror=main]
  382 | int main(int argc, char *argv[]) {
      |     ^~~~
test.c:410:1: error: expected declaration or statement at end of input
  410 | }
      | ^
test.c:7:6: error: unused variable ‘msg’ [-Werror=unused-variable]
    7 | char msg[300];
      |      ^~~
test.c:411: error: control reaches end of non-void function [-Werror=return-type]
At top level:
test.c:382:5: error: ‘main’ defined but not used [-Werror=unused-function]
  382 | int main(int argc, char *argv[]) {
      |     ^~~~
test.c:47:6: error: ‘readIntArray’ defined but not used [-Werror=unused-function]
   47 | void readIntArray(int arr[], int *size) {
      |      ^~~~~~~~~~~~
cc1: all warnings being treated as errors
Compilation failed
85e4353
Thu 14 Mar 2024 02:23:41 AM UTC: 
 exercises.c | 2 ++
 1 file changed, 2 insertions(+)
In file included from test.c:1:
exercises.c: In function ‘reverseArray’:
exercises.c:32:7: error: variable ‘guardar’ set but not used [-Werror=unused-but-set-variable]
   32 |   int guardar;
      |       ^~~~~~~
test.c: In function ‘filterEvenNumbers’:
test.c:382:5: error: ‘main’ is normally a non-static function [-Werror=main]
  382 | int main(int argc, char *argv[]) {
      |     ^~~~
test.c:410:1: error: expected declaration or statement at end of input
  410 | }
      | ^
test.c:7:6: error: unused variable ‘msg’ [-Werror=unused-variable]
    7 | char msg[300];
      |      ^~~
test.c:411: error: control reaches end of non-void function [-Werror=return-type]
At top level:
test.c:382:5: error: ‘main’ defined but not used [-Werror=unused-function]
  382 | int main(int argc, char *argv[]) {
      |     ^~~~
test.c:47:6: error: ‘readIntArray’ defined but not used [-Werror=unused-function]
   47 | void readIntArray(int arr[], int *size) {
      |      ^~~~~~~~~~~~
cc1: all warnings being treated as errors
Compilation failed
0485d4e
Thu 14 Mar 2024 02:23:59 AM UTC: 
 exercises.c | 2 +-
 1 file changed, 1 insertion(+), 1 deletion(-)
test.c: In function ‘filterEvenNumbers’:
test.c:382:5: error: ‘main’ is normally a non-static function [-Werror=main]
  382 | int main(int argc, char *argv[]) {
      |     ^~~~
test.c:410:1: error: expected declaration or statement at end of input
  410 | }
      | ^
test.c:7:6: error: unused variable ‘msg’ [-Werror=unused-variable]
    7 | char msg[300];
      |      ^~~
test.c:411: error: control reaches end of non-void function [-Werror=return-type]
At top level:
test.c:382:5: error: ‘main’ defined but not used [-Werror=unused-function]
  382 | int main(int argc, char *argv[]) {
      |     ^~~~
test.c:47:6: error: ‘readIntArray’ defined but not used [-Werror=unused-function]
   47 | void readIntArray(int arr[], int *size) {
      |      ^~~~~~~~~~~~
cc1: all warnings being treated as errors
Compilation failed
7e5271b
Thu 14 Mar 2024 02:29:44 AM UTC: 
 exercises.c | 2 +-
 1 file changed, 1 insertion(+), 1 deletion(-)
test.c: In function ‘filterEvenNumbers’:
test.c:382:5: error: ‘main’ is normally a non-static function [-Werror=main]
  382 | int main(int argc, char *argv[]) {
      |     ^~~~
test.c:410:1: error: expected declaration or statement at end of input
  410 | }
      | ^
test.c:7:6: error: unused variable ‘msg’ [-Werror=unused-variable]
    7 | char msg[300];
      |      ^~~
test.c:411: error: control reaches end of non-void function [-Werror=return-type]
At top level:
test.c:382:5: error: ‘main’ defined but not used [-Werror=unused-function]
  382 | int main(int argc, char *argv[]) {
      |     ^~~~
test.c:47:6: error: ‘readIntArray’ defined but not used [-Werror=unused-function]
   47 | void readIntArray(int arr[], int *size) {
      |      ^~~~~~~~~~~~
cc1: all warnings being treated as errors
Compilation failed
db7e17a
Thu 14 Mar 2024 02:32:23 AM UTC: 
 exercises.c | 2 +-
 1 file changed, 1 insertion(+), 1 deletion(-)
test.c: In function ‘filterEvenNumbers’:
test.c:382:5: error: ‘main’ is normally a non-static function [-Werror=main]
  382 | int main(int argc, char *argv[]) {
      |     ^~~~
test.c:410:1: error: expected declaration or statement at end of input
  410 | }
      | ^
test.c:7:6: error: unused variable ‘msg’ [-Werror=unused-variable]
    7 | char msg[300];
      |      ^~~
test.c:411: error: control reaches end of non-void function [-Werror=return-type]
At top level:
test.c:382:5: error: ‘main’ defined but not used [-Werror=unused-function]
  382 | int main(int argc, char *argv[]) {
      |     ^~~~
test.c:47:6: error: ‘readIntArray’ defined but not used [-Werror=unused-function]
   47 | void readIntArray(int arr[], int *size) {
      |      ^~~~~~~~~~~~
cc1: all warnings being treated as errors
Compilation failed
a73f662
Thu 14 Mar 2024 02:35:45 AM UTC: 
 exercises.c | 2 +-
 1 file changed, 1 insertion(+), 1 deletion(-)
test.c: In function ‘filterEvenNumbers’:
test.c:382:5: error: ‘main’ is normally a non-static function [-Werror=main]
  382 | int main(int argc, char *argv[]) {
      |     ^~~~
test.c:410:1: error: expected declaration or statement at end of input
  410 | }
      | ^
test.c:7:6: error: unused variable ‘msg’ [-Werror=unused-variable]
    7 | char msg[300];
      |      ^~~
test.c:411: error: control reaches end of non-void function [-Werror=return-type]
At top level:
test.c:382:5: error: ‘main’ defined but not used [-Werror=unused-function]
  382 | int main(int argc, char *argv[]) {
      |     ^~~~
test.c:47:6: error: ‘readIntArray’ defined but not used [-Werror=unused-function]
   47 | void readIntArray(int arr[], int *size) {
      |      ^~~~~~~~~~~~
cc1: all warnings being treated as errors
Compilation failed
bde9941
Thu 14 Mar 2024 02:38:20 AM UTC: 
 exercises.c | 4 ++--
 1 file changed, 2 insertions(+), 2 deletions(-)
test.c: In function ‘filterEvenNumbers’:
test.c:382:5: error: ‘main’ is normally a non-static function [-Werror=main]
  382 | int main(int argc, char *argv[]) {
      |     ^~~~
test.c:410:1: error: expected declaration or statement at end of input
  410 | }
      | ^
test.c:7:6: error: unused variable ‘msg’ [-Werror=unused-variable]
    7 | char msg[300];
      |      ^~~
test.c:411: error: control reaches end of non-void function [-Werror=return-type]
At top level:
test.c:382:5: error: ‘main’ defined but not used [-Werror=unused-function]
  382 | int main(int argc, char *argv[]) {
      |     ^~~~
test.c:47:6: error: ‘readIntArray’ defined but not used [-Werror=unused-function]
   47 | void readIntArray(int arr[], int *size) {
      |      ^~~~~~~~~~~~
cc1: all warnings being treated as errors
Compilation failed
f424ea8
Thu 14 Mar 2024 02:39:58 AM UTC: 
 exercises.c | 2 +-
 1 file changed, 1 insertion(+), 1 deletion(-)
test.c: In function ‘filterEvenNumbers’:
test.c:382:5: error: ‘main’ is normally a non-static function [-Werror=main]
  382 | int main(int argc, char *argv[]) {
      |     ^~~~
test.c:410:1: error: expected declaration or statement at end of input
  410 | }
      | ^
test.c:7:6: error: unused variable ‘msg’ [-Werror=unused-variable]
    7 | char msg[300];
      |      ^~~
test.c:411: error: control reaches end of non-void function [-Werror=return-type]
At top level:
test.c:382:5: error: ‘main’ defined but not used [-Werror=unused-function]
  382 | int main(int argc, char *argv[]) {
      |     ^~~~
test.c:47:6: error: ‘readIntArray’ defined but not used [-Werror=unused-function]
   47 | void readIntArray(int arr[], int *size) {
      |      ^~~~~~~~~~~~
cc1: all warnings being treated as errors
Compilation failed
ed457e4
Thu 14 Mar 2024 02:44:29 AM UTC: 
 exercises.c | 2 +-
 1 file changed, 1 insertion(+), 1 deletion(-)
test.c: In function ‘filterEvenNumbers’:
test.c:382:5: error: ‘main’ is normally a non-static function [-Werror=main]
  382 | int main(int argc, char *argv[]) {
      |     ^~~~
test.c:410:1: error: expected declaration or statement at end of input
  410 | }
      | ^
test.c:7:6: error: unused variable ‘msg’ [-Werror=unused-variable]
    7 | char msg[300];
      |      ^~~
test.c:411: error: control reaches end of non-void function [-Werror=return-type]
At top level:
test.c:382:5: error: ‘main’ defined but not used [-Werror=unused-function]
  382 | int main(int argc, char *argv[]) {
      |     ^~~~
test.c:47:6: error: ‘readIntArray’ defined but not used [-Werror=unused-function]
   47 | void readIntArray(int arr[], int *size) {
      |      ^~~~~~~~~~~~
cc1: all warnings being treated as errors
Compilation failed
867baec
Thu 14 Mar 2024 02:47:17 AM UTC: 
 exercises.c | 6 +++---
 1 file changed, 3 insertions(+), 3 deletions(-)
test.c: In function ‘filterEvenNumbers’:
test.c:382:5: error: ‘main’ is normally a non-static function [-Werror=main]
  382 | int main(int argc, char *argv[]) {
      |     ^~~~
test.c:410:1: error: expected declaration or statement at end of input
  410 | }
      | ^
test.c:7:6: error: unused variable ‘msg’ [-Werror=unused-variable]
    7 | char msg[300];
      |      ^~~
test.c:411: error: control reaches end of non-void function [-Werror=return-type]
At top level:
test.c:382:5: error: ‘main’ defined but not used [-Werror=unused-function]
  382 | int main(int argc, char *argv[]) {
      |     ^~~~
test.c:47:6: error: ‘readIntArray’ defined but not used [-Werror=unused-function]
   47 | void readIntArray(int arr[], int *size) {
      |      ^~~~~~~~~~~~
cc1: all warnings being treated as errors
Compilation failed
0399849
Thu 14 Mar 2024 02:54:41 AM UTC: 
 exercises.c | 12 +++++++-----
 1 file changed, 7 insertions(+), 5 deletions(-)
test.c: In function ‘filterEvenNumbers’:
test.c:382:5: error: ‘main’ is normally a non-static function [-Werror=main]
  382 | int main(int argc, char *argv[]) {
      |     ^~~~
test.c:410:1: error: expected declaration or statement at end of input
  410 | }
      | ^
test.c:7:6: error: unused variable ‘msg’ [-Werror=unused-variable]
    7 | char msg[300];
      |      ^~~
test.c:411: error: control reaches end of non-void function [-Werror=return-type]
At top level:
test.c:382:5: error: ‘main’ defined but not used [-Werror=unused-function]
  382 | int main(int argc, char *argv[]) {
      |     ^~~~
test.c:47:6: error: ‘readIntArray’ defined but not used [-Werror=unused-function]
   47 | void readIntArray(int arr[], int *size) {
      |      ^~~~~~~~~~~~
cc1: all warnings being treated as errors
Compilation failed
495b3b9
Thu 14 Mar 2024 03:01:38 AM UTC: 
 exercises.c | 16 +++++++---------
 1 file changed, 7 insertions(+), 9 deletions(-)
test.c: In function ‘filterEvenNumbers’:
test.c:382:5: error: ‘main’ is normally a non-static function [-Werror=main]
  382 | int main(int argc, char *argv[]) {
      |     ^~~~
test.c:410:1: error: expected declaration or statement at end of input
  410 | }
      | ^
test.c:7:6: error: unused variable ‘msg’ [-Werror=unused-variable]
    7 | char msg[300];
      |      ^~~
test.c:411: error: control reaches end of non-void function [-Werror=return-type]
At top level:
test.c:382:5: error: ‘main’ defined but not used [-Werror=unused-function]
  382 | int main(int argc, char *argv[]) {
      |     ^~~~
test.c:47:6: error: ‘readIntArray’ defined but not used [-Werror=unused-function]
   47 | void readIntArray(int arr[], int *size) {
      |      ^~~~~~~~~~~~
cc1: all warnings being treated as errors
Compilation failed
0a5e512
Thu 14 Mar 2024 03:02:32 AM UTC: 
 exercises.c | 4 ++--
 1 file changed, 2 insertions(+), 2 deletions(-)
test.c: In function ‘filterEvenNumbers’:
test.c:382:5: error: ‘main’ is normally a non-static function [-Werror=main]
  382 | int main(int argc, char *argv[]) {
      |     ^~~~
test.c:410:1: error: expected declaration or statement at end of input
  410 | }
      | ^
test.c:7:6: error: unused variable ‘msg’ [-Werror=unused-variable]
    7 | char msg[300];
      |      ^~~
test.c:411: error: control reaches end of non-void function [-Werror=return-type]
At top level:
test.c:382:5: error: ‘main’ defined but not used [-Werror=unused-function]
  382 | int main(int argc, char *argv[]) {
      |     ^~~~
test.c:47:6: error: ‘readIntArray’ defined but not used [-Werror=unused-function]
   47 | void readIntArray(int arr[], int *size) {
      |      ^~~~~~~~~~~~
cc1: all warnings being treated as errors
Compilation failed
4743c23
Thu 14 Mar 2024 03:03:49 AM UTC: 
 exercises.c | 4 ++--
 1 file changed, 2 insertions(+), 2 deletions(-)
test.c: In function ‘filterEvenNumbers’:
test.c:382:5: error: ‘main’ is normally a non-static function [-Werror=main]
  382 | int main(int argc, char *argv[]) {
      |     ^~~~
test.c:410:1: error: expected declaration or statement at end of input
  410 | }
      | ^
test.c:7:6: error: unused variable ‘msg’ [-Werror=unused-variable]
    7 | char msg[300];
      |      ^~~
test.c:411: error: control reaches end of non-void function [-Werror=return-type]
At top level:
test.c:382:5: error: ‘main’ defined but not used [-Werror=unused-function]
  382 | int main(int argc, char *argv[]) {
      |     ^~~~
test.c:47:6: error: ‘readIntArray’ defined but not used [-Werror=unused-function]
   47 | void readIntArray(int arr[], int *size) {
      |      ^~~~~~~~~~~~
cc1: all warnings being treated as errors
Compilation failed
d0f3c09
Thu 14 Mar 2024 03:05:27 AM UTC: 
 exercises.c | 1 +
 1 file changed, 1 insertion(+)
 tests:  0|0
07317dc
Thu 14 Mar 2024 03:08:34 AM UTC: 
 exercises.c | 10 +++++-----
 1 file changed, 5 insertions(+), 5 deletions(-)
 tests:  0|6
total_score: 10/70
608319d
Thu 14 Mar 2024 03:10:10 AM UTC: 
 exercises.c | 2 +-
 1 file changed, 1 insertion(+), 1 deletion(-)
 tests:  0|6
total_score: 10/70
96b607f
Thu 14 Mar 2024 04:52:12 PM UTC: 
 exercises.c | 9 +++------
 1 file changed, 3 insertions(+), 6 deletions(-)
 tests:  0|5
total_score: 20/70
5588dd4
Thu 14 Mar 2024 04:53:22 PM UTC: 
 exercises.c | 6 ++++--
 1 file changed, 4 insertions(+), 2 deletions(-)
 tests:  0|6
total_score: 10/70
4a43db5
Thu 14 Mar 2024 04:54:29 PM UTC: 
 exercises.c | 2 +-
 1 file changed, 1 insertion(+), 1 deletion(-)
 tests:  0|5
total_score: 20/70
868325f
Thu 14 Mar 2024 05:31:12 PM UTC: 
 exercises.c | 2 ++
 1 file changed, 2 insertions(+)
In file included from test.c:1:
exercises.c: In function ‘filterEvenNumbers’:
exercises.c:49:7: error: variable ‘newArre’ set but not used [-Werror=unused-but-set-variable]
   49 |   int newArre[*newSize];
      |       ^~~~~~~
cc1: all warnings being treated as errors
Compilation failed
c665159
Thu 14 Mar 2024 05:32:00 PM UTC: 
 exercises.c | 4 ++--
 1 file changed, 2 insertions(+), 2 deletions(-)
In file included from test.c:1:
exercises.c: In function ‘filterEvenNumbers’:
exercises.c:54:7: error: value computed is not used [-Werror=unused-value]
   54 |       *newSize++;
      |       ^~~~~~~~~~
exercises.c:55:32: error: returning ‘int’ from a function with return type ‘int *’ makes pointer from integer without a cast [-Werror=int-conversion]
   55 |       return newArre[*newSize] = arr[i];
      |              ~~~~~~~~~~~~~~~~~~^~~~~~~~
cc1: all warnings being treated as errors
Compilation failed
e3b8813
Thu 14 Mar 2024 05:38:48 PM UTC: 
 exercises.c | 8 +++++---
 1 file changed, 5 insertions(+), 3 deletions(-)
 tests:  0|5
total_score: 20/70
e2e90cd
Thu 14 Mar 2024 05:40:08 PM UTC: 
 exercises.c | 2 +-
 1 file changed, 1 insertion(+), 1 deletion(-)
 tests:  0|5
total_score: 20/70
ad0fd81
Thu 14 Mar 2024 05:41:56 PM UTC: 
 exercises.c | 1 +
 1 file changed, 1 insertion(+)
 tests:  0|5
total_score: 20/70
7583b84
Thu 14 Mar 2024 05:42:42 PM UTC: 
 exercises.c | 2 +-
 1 file changed, 1 insertion(+), 1 deletion(-)
 tests:  0|4
total_score: 30/70
548c861
Fri 15 Mar 2024 03:41:12 PM UTC: 
 exercises.c | 29 ++++++++++++++++++++++++++++-
 1 file changed, 28 insertions(+), 1 deletion(-)
In file included from test.c:1:
exercises.c: In function ‘mergeSortedArrays’:
exercises.c:76:8: error: ‘result’ redeclared as different kind of symbol
   76 |   int *result = (int *) malloc((size1 + size2) * sizeof(int))
      |        ^~~~~~
exercises.c:71:28: note: previous definition of ‘result’ with type ‘int *’
   71 |                        int result[])
      |                        ~~~~^~~~~~~~
exercises.c:78:3: error: expected ‘,’ or ‘;’ before ‘while’
   78 |   while (i < size1 && j < size2)
      |   ^~~~~
exercises.c:94:12: error: ‘sizeNew’ undeclared (first use in this function); did you mean ‘size2’?
   94 |     result[sizeNew++] = arr2[j++];
      |            ^~~~~~~
      |            size2
exercises.c:94:12: note: each undeclared identifier is reported only once for each function it appears in
exercises.c:97:10: error: ‘return’ with a value, in function returning void [-Werror=return-type]
   97 |   return result;
      |          ^~~~~~
exercises.c:70:6: note: declared here
   70 | void mergeSortedArrays(int arr1[], int size1, int arr2[], int size2,
      |      ^~~~~~~~~~~~~~~~~
cc1: all warnings being treated as errors
Compilation failed
b5aeaee
Fri 15 Mar 2024 03:41:47 PM UTC: 
 exercises.c | 4 ++--
 1 file changed, 2 insertions(+), 2 deletions(-)
In file included from test.c:1:
exercises.c: In function ‘mergeSortedArrays’:
exercises.c:76:8: error: ‘result’ redeclared as different kind of symbol
   76 |   int *result = (int *) malloc((size1 + size2) * sizeof(int))
      |        ^~~~~~
exercises.c:71:28: note: previous definition of ‘result’ with type ‘int *’
   71 |                        int result[])
      |                        ~~~~^~~~~~~~
exercises.c:78:3: error: expected ‘,’ or ‘;’ before ‘while’
   78 |   while (i < size1 && j < size2)
      |   ^~~~~
exercises.c:97:10: error: ‘return’ with a value, in function returning void [-Werror=return-type]
   97 |   return result;
      |          ^~~~~~
exercises.c:70:6: note: declared here
   70 | void mergeSortedArrays(int arr1[], int size1, int arr2[], int size2,
      |      ^~~~~~~~~~~~~~~~~
cc1: all warnings being treated as errors
Compilation failed
3e7a4a0
Fri 15 Mar 2024 03:42:34 PM UTC: 
 exercises.c | 2 +-
 1 file changed, 1 insertion(+), 1 deletion(-)
In file included from test.c:1:
exercises.c: In function ‘mergeSortedArrays’:
exercises.c:76:7: error: ‘result’ redeclared as different kind of symbol
   76 |   int result = (int *) malloc((size1 + size2) * sizeof(int));
      |       ^~~~~~
exercises.c:71:28: note: previous definition of ‘result’ with type ‘int *’
   71 |                        int result[])
      |                        ~~~~^~~~~~~~
exercises.c:76:16: error: initialization of ‘int’ from ‘int *’ makes integer from pointer without a cast [-Werror=int-conversion]
   76 |   int result = (int *) malloc((size1 + size2) * sizeof(int));
      |                ^
exercises.c:81:13: error: subscripted value is neither array nor pointer nor vector
   81 |       result[sizeResult++] = arr1[i];
      |             ^
exercises.c:80:5: error: this ‘if’ clause does not guard... [-Werror=misleading-indentation]
   80 |     if (arr1[i] < arr2[j])
      |     ^~
exercises.c:82:7: note: ...this statement, but the latter is misleadingly indented as if it were guarded by the ‘if’
   82 |       i++;
      |       ^
exercises.c:83:5: error: ‘else’ without a previous ‘if’
   83 |     else
      |     ^~~~
exercises.c:84:13: error: subscripted value is neither array nor pointer nor vector
   84 |       result[sizeResult++] = arr2[j];
      |             ^
exercises.c:85:10: error: expected ‘;’ before ‘}’ token
   85 |       j++
      |          ^
      |          ;
   86 |   }
      |   ~       
exercises.c:90:11: error: subscripted value is neither array nor pointer nor vector
   90 |     result[sizeResult++] = arr1[i++];
      |           ^
exercises.c:94:11: error: subscripted value is neither array nor pointer nor vector
   94 |     result[sizeResult++] = arr2[j++];
      |           ^
exercises.c:97:10: error: ‘return’ with a value, in function returning void [-Werror=return-type]
   97 |   return result;
      |          ^~~~~~
exercises.c:70:6: note: declared here
   70 | void mergeSortedArrays(int arr1[], int size1, int arr2[], int size2,
      |      ^~~~~~~~~~~~~~~~~
cc1: all warnings being treated as errors
Compilation failed
3eabd65
Fri 15 Mar 2024 03:43:05 PM UTC: 
 exercises.c | 5 ++---
 1 file changed, 2 insertions(+), 3 deletions(-)
In file included from test.c:1:
exercises.c: In function ‘mergeSortedArrays’:
exercises.c:75:7: error: ‘result’ redeclared as different kind of symbol
   75 |   int result = (int *) malloc((size1 + size2) * sizeof(int));
      |       ^~~~~~
exercises.c:70:74: note: previous definition of ‘result’ with type ‘int *’
   70 | void mergeSortedArrays(int arr1[], int size1, int arr2[], int size2, int result[])
      |                                                                      ~~~~^~~~~~~~
exercises.c:75:16: error: initialization of ‘int’ from ‘int *’ makes integer from pointer without a cast [-Werror=int-conversion]
   75 |   int result = (int *) malloc((size1 + size2) * sizeof(int));
      |                ^
exercises.c:80:13: error: subscripted value is neither array nor pointer nor vector
   80 |       result[sizeResult++] = arr1[i];
      |             ^
exercises.c:79:5: error: this ‘if’ clause does not guard... [-Werror=misleading-indentation]
   79 |     if (arr1[i] < arr2[j])
      |     ^~
exercises.c:81:7: note: ...this statement, but the latter is misleadingly indented as if it were guarded by the ‘if’
   81 |       i++;
      |       ^
exercises.c:82:5: error: ‘else’ without a previous ‘if’
   82 |     else
      |     ^~~~
exercises.c:83:13: error: subscripted value is neither array nor pointer nor vector
   83 |       result[sizeResult++] = arr2[j];
      |             ^
exercises.c:89:11: error: subscripted value is neither array nor pointer nor vector
   89 |     result[sizeResult++] = arr1[i++];
      |           ^
exercises.c:93:11: error: subscripted value is neither array nor pointer nor vector
   93 |     result[sizeResult++] = arr2[j++];
      |           ^
exercises.c:96:10: error: ‘return’ with a value, in function returning void [-Werror=return-type]
   96 |   return result;
      |          ^~~~~~
exercises.c:70:6: note: declared here
   70 | void mergeSortedArrays(int arr1[], int size1, int arr2[], int size2, int result[])
      |      ^~~~~~~~~~~~~~~~~
cc1: all warnings being treated as errors
Compilation failed
76dce67
Fri 15 Mar 2024 03:43:50 PM UTC: 
 exercises.c | 4 ++++
 1 file changed, 4 insertions(+)
In file included from test.c:1:
exercises.c: In function ‘mergeSortedArrays’:
exercises.c:75:7: error: ‘result’ redeclared as different kind of symbol
   75 |   int result = (int *) malloc((size1 + size2) * sizeof(int));
      |       ^~~~~~
exercises.c:70:74: note: previous definition of ‘result’ with type ‘int *’
   70 | void mergeSortedArrays(int arr1[], int size1, int arr2[], int size2, int result[])
      |                                                                      ~~~~^~~~~~~~
exercises.c:75:16: error: initialization of ‘int’ from ‘int *’ makes integer from pointer without a cast [-Werror=int-conversion]
   75 |   int result = (int *) malloc((size1 + size2) * sizeof(int));
      |                ^
exercises.c:81:13: error: subscripted value is neither array nor pointer nor vector
   81 |       result[sizeResult++] = arr1[i];
      |             ^
exercises.c:86:13: error: subscripted value is neither array nor pointer nor vector
   86 |       result[sizeResult++] = arr2[j];
      |             ^
exercises.c:93:11: error: subscripted value is neither array nor pointer nor vector
   93 |     result[sizeResult++] = arr1[i++];
      |           ^
exercises.c:97:11: error: subscripted value is neither array nor pointer nor vector
   97 |     result[sizeResult++] = arr2[j++];
      |           ^
exercises.c:100:10: error: ‘return’ with a value, in function returning void [-Werror=return-type]
  100 |   return result;
      |          ^~~~~~
exercises.c:70:6: note: declared here
   70 | void mergeSortedArrays(int arr1[], int size1, int arr2[], int size2, int result[])
      |      ^~~~~~~~~~~~~~~~~
cc1: all warnings being treated as errors
Compilation failed
d0728c9
Fri 15 Mar 2024 03:53:42 PM UTC: 
 exercises.c | 3 ---
 1 file changed, 3 deletions(-)
 tests:  0|4
total_score: 30/70
0a2e94e
Fri 15 Mar 2024 03:55:42 PM UTC: 
 exercises.c | 1 +
 1 file changed, 1 insertion(+)
In file included from test.c:1:
exercises.c: In function ‘filterEvenNumbers’:
exercises.c:62:8: error: ‘newArr’ undeclared (first use in this function); did you mean ‘newArre’?
   62 |   free(newArr);
      |        ^~~~~~
      |        newArre
exercises.c:62:8: note: each undeclared identifier is reported only once for each function it appears in
Compilation failed
637f9d2
Fri 15 Mar 2024 03:55:53 PM UTC: 
 exercises.c | 2 +-
 1 file changed, 1 insertion(+), 1 deletion(-)
 tests:  0|3
total_score: 40/70
0bea63d
Sat 16 Mar 2024 04:05:08 PM UTC: 
 exercises.c | 16 +++++++++++++++-
 1 file changed, 15 insertions(+), 1 deletion(-)
In file included from test.c:1:
exercises.c: In function ‘checkSorted’:
exercises.c:121:1: error: control reaches end of non-void function [-Werror=return-type]
  121 | }
      | ^
cc1: all warnings being treated as errors
Compilation failed
60c1462
Sat 16 Mar 2024 04:21:52 PM UTC: 
 exercises.c | 2 +-
 1 file changed, 1 insertion(+), 1 deletion(-)
In file included from test.c:1:
exercises.c: In function ‘checkSorted’:
exercises.c:121:1: error: control reaches end of non-void function [-Werror=return-type]
  121 | }
      | ^
cc1: all warnings being treated as errors
Compilation failed
00a1f5f
Sat 16 Mar 2024 06:03:07 PM UTC: 
 exercises.c | 8 ++++----
 1 file changed, 4 insertions(+), 4 deletions(-)
 tests:  0|4
total_score: 30/70
ce64b7c
Sat 16 Mar 2024 06:09:45 PM UTC: 
 exercises.c | 6 +++---
 1 file changed, 3 insertions(+), 3 deletions(-)
 tests:  0|4
total_score: 30/70
386053d
Sat 16 Mar 2024 06:15:29 PM UTC: 
 exercises.c | 1 -
 1 file changed, 1 deletion(-)
 tests:  0|3
total_score: 40/70
05430e5
Sat 16 Mar 2024 06:20:29 PM UTC: 
 exercises.c | 10 +++++-----
 1 file changed, 5 insertions(+), 5 deletions(-)
 tests:  0|3
total_score: 40/70
bfef2b9
Sat 16 Mar 2024 06:31:47 PM UTC: 
 exercises.c | 8 ++++----
 1 file changed, 4 insertions(+), 4 deletions(-)
 tests:  0|3
total_score: 40/70
7a38b6d
Sat 16 Mar 2024 06:35:22 PM UTC: 
 exercises.c | 2 +-
 1 file changed, 1 insertion(+), 1 deletion(-)
 tests:  0|4
total_score: 30/70
7f35792
Sat 16 Mar 2024 06:43:34 PM UTC: 
 exercises.c | 13 +++++++++----
 1 file changed, 9 insertions(+), 4 deletions(-)
 tests:  0|4
total_score: 30/70
fd29dfd
Sat 16 Mar 2024 06:44:17 PM UTC: 
 exercises.c | 4 ++--
 1 file changed, 2 insertions(+), 2 deletions(-)
 tests:  0|4
total_score: 30/70
b8f0ad5
Sat 16 Mar 2024 06:48:31 PM UTC: 
 exercises.c | 4 ++--
 1 file changed, 2 insertions(+), 2 deletions(-)
 tests:  0|3
total_score: 40/70
0c1672d
Sat 16 Mar 2024 06:54:57 PM UTC: 
 exercises.c | 6 ++++++
 1 file changed, 6 insertions(+)
 tests:  0|3
total_score: 40/70
9592b61
Sat 16 Mar 2024 06:59:39 PM UTC: 
 exercises.c | 1 +
 1 file changed, 1 insertion(+)
 tests:  0|2
total_score: 50/70
8712c52
Sat 16 Mar 2024 07:36:30 PM UTC: 
 exercises.c | 7 ++++---
 1 file changed, 4 insertions(+), 3 deletions(-)
 tests:  0|3
total_score: 40/70
799eb74
Sat 16 Mar 2024 08:20:48 PM UTC: 
 exercises.c | 10 +++++-----
 1 file changed, 5 insertions(+), 5 deletions(-)
 tests:  0|0
98289e1
Sat 16 Mar 2024 08:42:36 PM UTC: 
 exercises.c | 10 +++++-----
 1 file changed, 5 insertions(+), 5 deletions(-)
In file included from test.c:1:
exercises.c: In function ‘mergeSortedArrays’:
exercises.c:80:7: error: ‘sizeResult’ may be used uninitialized in this function [-Werror=maybe-uninitialized]
   80 |   int sizeResult;
      |       ^~~~~~~~~~
cc1: all warnings being treated as errors
Compilation failed
300f738
Sat 16 Mar 2024 08:43:01 PM UTC: 
 exercises.c | 2 +-
 1 file changed, 1 insertion(+), 1 deletion(-)
 tests:  0|3
total_score: 40/70
18c96f8
Sat 16 Mar 2024 08:47:50 PM UTC: 
 exercises.c | 17 ++++++-----------
 1 file changed, 6 insertions(+), 11 deletions(-)
In file included from test.c:1:
exercises.c: In function ‘filterEvenNumbers’:
exercises.c:60:8: error: unused variable ‘newArre’ [-Werror=unused-variable]
   60 |   int *newArre = (int*) malloc(*newSize * sizeof(int));
      |        ^~~~~~~
exercises.c:63:1: error: control reaches end of non-void function [-Werror=return-type]
   63 | }
      | ^
cc1: all warnings being treated as errors
Compilation failed
d5eead9
Sat 16 Mar 2024 08:50:56 PM UTC: 
 exercises.c | 10 +++++++++-
 1 file changed, 9 insertions(+), 1 deletion(-)
In file included from test.c:1:
exercises.c: In function ‘filterEvenNumbers’:
exercises.c:63:29: error: ‘i’ undeclared (first use in this function)
   63 |   for (int j = 0; j < size; i++)
      |                             ^
exercises.c:63:29: note: each undeclared identifier is reported only once for each function it appears in
exercises.c:71:1: error: control reaches end of non-void function [-Werror=return-type]
   71 | }
      | ^
cc1: all warnings being treated as errors
Compilation failed
3683e79
Sat 16 Mar 2024 08:51:42 PM UTC: 
 exercises.c | 3 ++-
 1 file changed, 2 insertions(+), 1 deletion(-)
 tests:  0|2
total_score: 50/70
b3ebee4
Sat 16 Mar 2024 09:03:29 PM UTC: 
 exercises.c | 2 +-
 1 file changed, 1 insertion(+), 1 deletion(-)
In file included from test.c:1:
exercises.c: In function ‘inicializarLibro’:
exercises.c:160:62: error: expected ‘;’ before ‘}’ token
  160 |   strncpy (libro -> titulo, titulo, sizeof(libro -> titulo) )
      |                                                              ^
      |                                                              ;
  161 | }
      | ~                                                             
Compilation failed
1125faf
Sat 16 Mar 2024 09:06:31 PM UTC: 
 exercises.c | 3 ++-
 1 file changed, 2 insertions(+), 1 deletion(-)
In file included from /nix/store/4pqv2mwdn88h7xvsm7a5zplrd8sxzvw0-glibc-2.35-163-dev/include/string.h:535,
                 from exercises.c:5,
                 from test.c:1:
In function ‘strncpy’,
    inlined from ‘inicializarLibro’ at exercises.c:160:3:
/nix/store/4pqv2mwdn88h7xvsm7a5zplrd8sxzvw0-glibc-2.35-163-dev/include/bits/string_fortified.h:95:10: error: ‘__builtin_strncpy’ specified bound 100 equals destination size [-Werror=stringop-truncation]
   95 |   return __builtin___strncpy_chk (__dest, __src, __len,
      |          ^~~~~~~~~~~~~~~~~~~~~~~~~~~~~~~~~~~~~~~~~~~~~~
   96 |                                   __glibc_objsize (__dest));
      |                                   ~~~~~~~~~~~~~~~~~~~~~~~~~
In function ‘strncpy’,
    inlined from ‘inicializarLibro’ at exercises.c:161:3:
/nix/store/4pqv2mwdn88h7xvsm7a5zplrd8sxzvw0-glibc-2.35-163-dev/include/bits/string_fortified.h:95:10: error: ‘__builtin_strncpy’ specified bound 50 equals destination size [-Werror=stringop-truncation]
   95 |   return __builtin___strncpy_chk (__dest, __src, __len,
      |          ^~~~~~~~~~~~~~~~~~~~~~~~~~~~~~~~~~~~~~~~~~~~~~
   96 |                                   __glibc_objsize (__dest));
      |                                   ~~~~~~~~~~~~~~~~~~~~~~~~~
cc1: all warnings being treated as errors
Compilation failed
05d0543
Sat 16 Mar 2024 09:12:04 PM UTC: 
 exercises.c | 2 ++
 1 file changed, 2 insertions(+)
In file included from /nix/store/4pqv2mwdn88h7xvsm7a5zplrd8sxzvw0-glibc-2.35-163-dev/include/string.h:535,
                 from exercises.c:5,
                 from test.c:1:
In function ‘strncpy’,
    inlined from ‘inicializarLibro’ at exercises.c:160:3:
/nix/store/4pqv2mwdn88h7xvsm7a5zplrd8sxzvw0-glibc-2.35-163-dev/include/bits/string_fortified.h:95:10: error: ‘__builtin_strncpy’ specified bound 100 equals destination size [-Werror=stringop-truncation]
   95 |   return __builtin___strncpy_chk (__dest, __src, __len,
      |          ^~~~~~~~~~~~~~~~~~~~~~~~~~~~~~~~~~~~~~~~~~~~~~
   96 |                                   __glibc_objsize (__dest));
      |                                   ~~~~~~~~~~~~~~~~~~~~~~~~~
In function ‘strncpy’,
    inlined from ‘inicializarLibro’ at exercises.c:161:3:
/nix/store/4pqv2mwdn88h7xvsm7a5zplrd8sxzvw0-glibc-2.35-163-dev/include/bits/string_fortified.h:95:10: error: ‘__builtin_strncpy’ specified bound 50 equals destination size [-Werror=stringop-truncation]
   95 |   return __builtin___strncpy_chk (__dest, __src, __len,
      |          ^~~~~~~~~~~~~~~~~~~~~~~~~~~~~~~~~~~~~~~~~~~~~~
   96 |                                   __glibc_objsize (__dest));
      |                                   ~~~~~~~~~~~~~~~~~~~~~~~~~
cc1: all warnings being treated as errors
Compilation failed
265a10c
Sat 16 Mar 2024 09:14:55 PM UTC: 
 exercises.c | 2 +-
 1 file changed, 1 insertion(+), 1 deletion(-)
In file included from /nix/store/4pqv2mwdn88h7xvsm7a5zplrd8sxzvw0-glibc-2.35-163-dev/include/string.h:535,
                 from exercises.c:5,
                 from test.c:1:
In function ‘strncpy’,
    inlined from ‘inicializarLibro’ at exercises.c:161:3:
/nix/store/4pqv2mwdn88h7xvsm7a5zplrd8sxzvw0-glibc-2.35-163-dev/include/bits/string_fortified.h:95:10: error: ‘__builtin_strncpy’ specified bound 50 equals destination size [-Werror=stringop-truncation]
   95 |   return __builtin___strncpy_chk (__dest, __src, __len,
      |          ^~~~~~~~~~~~~~~~~~~~~~~~~~~~~~~~~~~~~~~~~~~~~~
   96 |                                   __glibc_objsize (__dest));
      |                                   ~~~~~~~~~~~~~~~~~~~~~~~~~
cc1: all warnings being treated as errors
Compilation failed
83102aa
Sat 16 Mar 2024 09:15:29 PM UTC: 
 exercises.c | 2 +-
 1 file changed, 1 insertion(+), 1 deletion(-)
 tests:  0|1
total_score: 60/70
d1fc2f8
